2019-01-02 15:27:01,831 - __main__ - INFO - ----------------------------------
2019-01-02 15:27:01,832 - __main__ - INFO - begin clear nodes

2019-01-02 15:27:01,832 - __main__ - INFO - begin clear 0

2019-01-02 15:27:01,939 - __main__ - INFO - begin clear 1

2019-01-02 15:27:02,040 - __main__ - INFO - begin clear 2

2019-01-02 15:27:02,148 - __main__ - INFO - begin clear 3

2019-01-02 15:27:02,245 - __main__ - INFO - end clear nodes

2019-01-02 15:27:02,245 - __main__ - INFO - ----------------------------------
2019-01-02 15:27:02,245 - __main__ - INFO - begin copy node

2019-01-02 15:27:02,246 - __main__ - INFO - copy node[0]

2019-01-02 15:27:02,334 - __main__ - INFO - begin transfer fileE:/neoj/git/neo-test/src/resource/nodes/neo-cli.tar.gz

2019-01-02 15:28:36,978 - __main__ - INFO - end transfer fileE:/neoj/git/neo-test/src/resource/nodes/neo-cli.tar.gz

2019-01-02 15:28:40,647 - __main__ - INFO - copy node[1]

2019-01-02 15:28:40,770 - __main__ - INFO - 47.244.25.229 neo-cli.tar.gz has already exist...
2019-01-02 15:28:43,327 - __main__ - INFO - copy node[2]

2019-01-02 15:28:43,456 - __main__ - INFO - 47.244.25.229 neo-cli.tar.gz has already exist...
2019-01-02 15:28:46,063 - __main__ - INFO - copy node[3]

2019-01-02 15:28:46,150 - __main__ - INFO - 47.244.25.229 neo-cli.tar.gz has already exist...
2019-01-02 15:28:48,715 - __main__ - INFO - end copy node

2019-01-02 15:28:48,716 - __main__ - INFO - ----------------------------------


2019-01-02 15:29:08,212 - __main__ - INFO - ----------------------------------
2019-01-02 15:29:08,212 - __main__ - INFO - start checking connected node count

2019-01-02 15:29:08,715 - __main__ - ERROR - connected node counts : 1, config node counts : 3
2019-01-02 15:29:08,715 - __main__ - INFO - checking connected node count OK
2019-01-02 15:29:08,716 - __main__ - INFO - ----------------------------------


